[31/Aug/2016 09:55:22] "GET / HTTP/1.1" 500 128568
[31/Aug/2016 09:55:22] "GET /favicon.ico HTTP/1.1" 500 145348
[31/Aug/2016 09:55:22] "GET /favicon.ico HTTP/1.1" 500 145348
[31/Aug/2016 09:56:25] "GET / HTTP/1.1" 500 128568
[31/Aug/2016 09:56:25] "GET /favicon.ico HTTP/1.1" 500 145348
[31/Aug/2016 09:56:26] "GET /favicon.ico HTTP/1.1" 500 145348
[31/Aug/2016 10:37:44] "GET / HTTP/1.1" 500 128568
[31/Aug/2016 10:37:50] "GET / HTTP/1.1" 500 128568
Performing system checks...

System check identified no issues (0 silenced).
August 31, 2016 - 11:18:54
Django version 1.8.14, using settings 'my_gift.settings'
Starting development server at http://0.0.0.0:8491/
Quit the server with CONTROL-C.
[07/Sep/2016 10:26:26] "GET / HTTP/1.1" 302 0
[07/Sep/2016 10:26:26] "GET /login/ HTTP/1.1" 200 7859
[07/Sep/2016 10:26:26] "GET /static/assets/global/plugins/font-awesome/css/font-awesome.min.css HTTP/1.1" 200 23739
[07/Sep/2016 10:26:26] "GET /static/assets/global/plugins/uniform/css/uniform.default.css HTTP/1.1" 200 10851
[07/Sep/2016 10:26:26] "GET /static/assets/global/plugins/simple-line-icons/simple-line-icons.min.css HTTP/1.1" 200 9562
[07/Sep/2016 10:26:26] "GET /static/assets/global/plugins/select2/select2.css HTTP/1.1" 200 18705
[07/Sep/2016 10:26:26] "GET /static/assets/admin/pages/css/login-soft.css HTTP/1.1" 200 2862
[07/Sep/2016 10:26:26] "GET /static/assets/global/plugins/bootstrap/css/bootstrap.min.css HTTP/1.1" 200 117150
[07/Sep/2016 10:26:26] "GET /static/assets/admin/layout/css/custom.css HTTP/1.1" 200 1357
[07/Sep/2016 10:26:26] "GET /static/assets/admin/layout/css/themes/default.css HTTP/1.1" 200 42196
[07/Sep/2016 10:26:26] "GET /static/assets/admin/layout/css/layout.css HTTP/1.1" 200 83191
[07/Sep/2016 10:26:26] "GET /static/assets/global/css/plugins.css HTTP/1.1" 200 48466
[07/Sep/2016 10:26:26] "GET /static/assets/global/css/components-rounded.css HTTP/1.1" 200 373029
[07/Sep/2016 10:26:26] "GET /static/assets/global/plugins/jquery-migrate.min.js HTTP/1.1" 200 7200
[07/Sep/2016 10:26:26] "GET /static/assets/global/plugins/jquery.min.js HTTP/1.1" 200 95933
[07/Sep/2016 10:26:26] "GET /static/assets/global/plugins/bootstrap/js/bootstrap.min.js HTTP/1.1" 200 35452
[07/Sep/2016 10:26:26] "GET /static/assets/global/plugins/jquery.blockui.min.js HTTP/1.1" 200 9544
[07/Sep/2016 10:26:26] "GET /static/assets/global/plugins/uniform/jquery.uniform.min.js HTTP/1.1" 200 8308
[07/Sep/2016 10:26:26] "GET /static/assets/global/plugins/jquery.cokie.min.js HTTP/1.1" 200 1392
[07/Sep/2016 10:26:26] "GET /static/assets/global/plugins/backstretch/jquery.backstretch.min.js HTTP/1.1" 200 4233
[07/Sep/2016 10:26:26] "GET /static/assets/global/plugins/jquery-validation/js/jquery.validate.min.js HTTP/1.1" 200 21525
[07/Sep/2016 10:26:26] "GET /static/assets/admin/layout/scripts/layout.js HTTP/1.1" 200 23999
[07/Sep/2016 10:26:26] "GET /static/assets/global/plugins/select2/select2.min.js HTTP/1.1" 200 65979
[07/Sep/2016 10:26:26] "GET /static/assets/global/scripts/metronic.js HTTP/1.1" 200 36620
[07/Sep/2016 10:26:26] "GET /static/assets/admin/layout/scripts/demo.js HTTP/1.1" 200 11686
[07/Sep/2016 10:26:26] "GET /static/assets/admin/pages/scripts/login-soft.js HTTP/1.1" 200 8230
[07/Sep/2016 10:26:26] "GET /static/assets/admin/layout4/img/logo-big.png HTTP/1.1" 200 5089
[07/Sep/2016 10:26:26] "GET /static/assets/admin/pages/img/bg-white-lock.png HTTP/1.1" 200 137
[07/Sep/2016 10:26:26] "GET /static/assets/global/img/syncfusion-icons-white.png HTTP/1.1" 200 5550
[07/Sep/2016 10:26:26] "GET /static/assets/global/plugins/font-awesome/fonts/fontawesome-webfont.woff2?v=4.3.0 HTTP/1.1" 200 56780
[07/Sep/2016 10:26:27] "GET /static/assets/global/plugins/uniform/images/sprite.png HTTP/1.1" 200 31815
[07/Sep/2016 10:26:27] "GET /static/assets/admin/pages/media/bg/3.jpg HTTP/1.1" 200 37820
[07/Sep/2016 10:26:27] "GET /static/assets/admin/pages/media/bg/4.jpg HTTP/1.1" 200 41982
[07/Sep/2016 10:26:27] "GET /static/assets/admin/pages/media/bg/1.jpg HTTP/1.1" 200 18772
[07/Sep/2016 10:26:27] "GET /static/assets/admin/pages/media/bg/2.jpg HTTP/1.1" 200 58440
[07/Sep/2016 10:26:27] "GET /login/favicon.ico HTTP/1.1" 404 4954
[07/Sep/2016 10:26:33] "POST /login/ HTTP/1.1" 302 0
[07/Sep/2016 10:26:33] "GET / HTTP/1.1" 200 15044
[07/Sep/2016 10:26:33] "GET /static/assets/global/plugins/bootstrap-switch/css/bootstrap-switch.min.css HTTP/1.1" 200 6438
[07/Sep/2016 10:26:33] "GET /static/assets/admin/layout/css/themes/darkblue.css HTTP/1.1" 200 42190
[07/Sep/2016 10:26:33] "GET /static/assets/admin/pages/css/tasks.css HTTP/1.1" 200 1809
[07/Sep/2016 10:26:33] "GET /static/assets/admin/layout4/img/logo-light.png HTTP/1.1" 200 5089
[07/Sep/2016 10:26:33] "GET /static/assets/global/plugins/jquery-slimscroll/jquery.slimscroll.min.js HTTP/1.1" 200 5175
[07/Sep/2016 10:26:33] "GET /static/assets/global/plugins/bootstrap-hover-dropdown/bootstrap-hover-dropdown.min.js HTTP/1.1" 200 1539
[07/Sep/2016 10:26:33] "GET /static/assets/global/plugins/bootstrap-switch/js/bootstrap-switch.min.js HTTP/1.1" 200 12268
[07/Sep/2016 10:26:33] "GET /static/assets/admin/pages/scripts/index.js HTTP/1.1" 200 23773
[07/Sep/2016 10:26:33] "GET /static/assets/global/css/components.css HTTP/1.1" 200 373642
[07/Sep/2016 10:26:33] "GET /static/assets/global/plugins/jquery-ui/jquery-ui.min.js HTTP/1.1" 200 239564
[07/Sep/2016 10:26:33] "GET /static/assets/admin/pages/scripts/tasks.js HTTP/1.1" 200 403
[07/Sep/2016 10:26:34] "GET /static/assets/admin/layout/img/sidebar_toggler_icon_darkblue.png HTTP/1.1" 200 135
[07/Sep/2016 10:26:34] "GET /static/assets/global/plugins/simple-line-icons/fonts/Simple-Line-Icons.woff HTTP/1.1" 200 59324
[07/Sep/2016 10:26:34] "GET /favicon.ico HTTP/1.1" 404 4936
[07/Sep/2016 10:26:39] "GET /exe_group/ HTTP/1.1" 200 13512
[07/Sep/2016 10:26:39] "GET /static/assets/global/plugins/datatables/plugins/bootstrap/dataTables.bootstrap.js HTTP/1.1" 200 15968
[07/Sep/2016 10:26:39] "GET /static/assets/admin/pages/scripts/table-editable.js HTTP/1.1" 200 14174
[07/Sep/2016 10:26:39] "GET /static/assets/global/plugins/datatables/media/js/jquery.dataTables.min.js HTTP/1.1" 200 77499
[07/Sep/2016 10:26:39] "GET /static/assets/global/img/portlet-reload-icon-white.png HTTP/1.1" 200 324
[07/Sep/2016 10:26:39] "GET /static/assets/global/img/portlet-collapse-icon-white.png HTTP/1.1" 200 240
[07/Sep/2016 10:26:39] "GET /static/assets/global/img/portlet-remove-icon-white.png HTTP/1.1" 200 260
[07/Sep/2016 10:26:39] "GET /exe_group/favicon.ico HTTP/1.1" 404 4966
[07/Sep/2016 10:27:07] "GET /mission/ HTTP/1.1" 200 20900
[07/Sep/2016 10:27:07] "GET /static/assets/global/plugins/bootstrap/js/bootstrap.js HTTP/1.1" 200 66732
[07/Sep/2016 10:27:07] "GET /static/assets/global/scripts/jquery-3.1.0.min.js HTTP/1.1" 200 86351
[07/Sep/2016 10:27:07] "GET /static/assets/admin/pages/scripts/table-editable-mission.js HTTP/1.1" 200 18337
[07/Sep/2016 10:27:07] "GET /mission/favicon.ico HTTP/1.1" 404 4960
[07/Sep/2016 10:27:08] "GET /host/ HTTP/1.1" 200 18660
[07/Sep/2016 10:27:09] "GET /host/favicon.ico HTTP/1.1" 404 4951
[07/Sep/2016 10:27:09] "GET /exe_group/ HTTP/1.1" 200 13512
[07/Sep/2016 10:27:10] "GET /role/ HTTP/1.1" 200 10979
[07/Sep/2016 10:27:10] "GET /role/favicon.ico HTTP/1.1" 404 4951
[07/Sep/2016 10:27:51] "GET /exe_group/ HTTP/1.1" 302 0
[07/Sep/2016 10:27:51] "GET /login/?next=/exe_group/ HTTP/1.1" 200 7859
[07/Sep/2016 10:27:51] "GET /static/assets/global/plugins/font-awesome/css/font-awesome.min.css HTTP/1.1" 200 23739
[07/Sep/2016 10:27:51] "GET /static/assets/global/plugins/uniform/css/uniform.default.css HTTP/1.1" 200 10851
[07/Sep/2016 10:27:51] "GET /static/assets/global/plugins/simple-line-icons/simple-line-icons.min.css HTTP/1.1" 200 9562
[07/Sep/2016 10:27:51] "GET /static/assets/admin/pages/css/login-soft.css HTTP/1.1" 200 2862
[07/Sep/2016 10:27:51] "GET /static/assets/global/plugins/uniform/jquery.uniform.min.js HTTP/1.1" 200 8308
[07/Sep/2016 10:27:51] "GET /static/assets/global/plugins/select2/select2.css HTTP/1.1" 200 18705
[07/Sep/2016 10:27:51] "GET /static/assets/global/plugins/bootstrap/css/bootstrap.min.css HTTP/1.1" 200 117150
[07/Sep/2016 10:27:52] "GET /static/assets/global/css/components-rounded.css HTTP/1.1" 200 373029
[07/Sep/2016 10:27:52] "GET /static/assets/admin/layout/css/themes/default.css HTTP/1.1" 200 42196
[07/Sep/2016 10:27:52] "GET /static/assets/admin/layout/css/custom.css HTTP/1.1" 200 1357
[07/Sep/2016 10:27:52] "GET /static/assets/admin/layout/css/layout.css HTTP/1.1" 200 83191
[07/Sep/2016 10:27:52] "GET /static/assets/global/plugins/jquery.blockui.min.js HTTP/1.1" 200 9544
[07/Sep/2016 10:27:52] "GET /static/assets/global/plugins/bootstrap/js/bootstrap.min.js HTTP/1.1" 200 35452
[07/Sep/2016 10:27:52] "GET /static/assets/global/plugins/jquery.min.js HTTP/1.1" 200 95933
[07/Sep/2016 10:27:52] "GET /static/assets/global/plugins/jquery.cokie.min.js HTTP/1.1" 200 1392
[07/Sep/2016 10:27:52] "GET /static/assets/global/plugins/jquery-validation/js/jquery.validate.min.js HTTP/1.1" 200 21525
[07/Sep/2016 10:27:52] "GET /static/assets/global/plugins/backstretch/jquery.backstretch.min.js HTTP/1.1" 200 4233
[07/Sep/2016 10:27:52] "GET /static/assets/global/plugins/excanvas.min.js HTTP/1.1" 200 19314
[07/Sep/2016 10:27:52] "GET /static/assets/admin/layout/scripts/layout.js HTTP/1.1" 200 23999
[07/Sep/2016 10:27:52] "GET /static/assets/admin/layout/scripts/demo.js HTTP/1.1" 200 11686
[07/Sep/2016 10:27:52] "GET /static/assets/admin/layout4/img/logo-big.png HTTP/1.1" 200 5089
[07/Sep/2016 10:27:52] "GET /static/assets/global/css/plugins.css HTTP/1.1" 200 48466
[07/Sep/2016 10:27:52] "GET /static/assets/global/plugins/respond.min.js HTTP/1.1" 200 4047
[07/Sep/2016 10:27:52] "GET /static/assets/global/plugins/font-awesome/fonts/fontawesome-webfont.eot? HTTP/1.1" 200 60767
[07/Sep/2016 10:27:52] "GET /static/assets/global/plugins/simple-line-icons/fonts/Simple-Line-Icons.eot? HTTP/1.1" 200 35514
[07/Sep/2016 10:27:52] "GET /static/assets/global/plugins/bootstrap/fonts/glyphicons-halflings-regular.eot? HTTP/1.1" 200 20127
[07/Sep/2016 10:27:52] "GET /static/assets/global/scripts/metronic.js HTTP/1.1" 200 36620
[07/Sep/2016 10:27:52] "GET /static/assets/admin/pages/scripts/login-soft.js HTTP/1.1" 200 8230
[07/Sep/2016 10:27:52] "GET /static/assets/global/plugins/jquery-migrate.min.js HTTP/1.1" 200 7200
[07/Sep/2016 10:27:52] "GET /static/assets/global/plugins/select2/select2.min.js HTTP/1.1" 200 65979
[07/Sep/2016 10:27:52] "GET /static/assets/admin/pages/img/bg-white-lock.png HTTP/1.1" 200 137
[07/Sep/2016 10:27:52] "GET /static/assets/global/img/remove-icon-small.png HTTP/1.1" 200 193
[07/Sep/2016 10:27:52] "GET /static/assets/global/img/syncfusion-icons-white.png HTTP/1.1" 200 5550
[07/Sep/2016 10:27:52] "GET /static/assets/global/img/syncfusion-icons.png HTTP/1.1" 200 8143
[07/Sep/2016 10:27:52] "GET /login/favicon.ico HTTP/1.1" 404 4954
[07/Sep/2016 10:27:52] "GET /static/assets/global/plugins/uniform/images/sprite.png HTTP/1.1" 200 31815
[07/Sep/2016 10:27:52] "GET /static/assets/admin/pages/media/bg/1.jpg HTTP/1.1" 200 18772
[07/Sep/2016 10:27:52] "GET /static/assets/admin/pages/media/bg/2.jpg HTTP/1.1" 200 58440
[07/Sep/2016 10:27:52] "GET /static/assets/admin/pages/media/bg/3.jpg HTTP/1.1" 200 37820
[07/Sep/2016 10:27:52] "GET /static/assets/admin/pages/media/bg/4.jpg HTTP/1.1" 200 41982
[07/Sep/2016 10:28:03] "POST /login/ HTTP/1.1" 302 0
[07/Sep/2016 10:28:03] "GET / HTTP/1.1" 200 15044
[07/Sep/2016 10:28:03] "GET /static/assets/global/plugins/bootstrap-switch/css/bootstrap-switch.min.css HTTP/1.1" 200 6438
[07/Sep/2016 10:28:03] "GET /static/assets/admin/layout/css/themes/darkblue.css HTTP/1.1" 200 42190
[07/Sep/2016 10:28:03] "GET /static/assets/admin/pages/css/tasks.css HTTP/1.1" 200 1809
[07/Sep/2016 10:28:03] "GET /static/assets/global/css/components.css HTTP/1.1" 200 373642
[07/Sep/2016 10:28:03] "GET /static/assets/global/plugins/jquery-slimscroll/jquery.slimscroll.min.js HTTP/1.1" 200 5175
[07/Sep/2016 10:28:03] "GET /static/assets/admin/layout4/img/logo-light.png HTTP/1.1" 200 5089
[07/Sep/2016 10:28:03] "GET /static/assets/admin/pages/scripts/index.js HTTP/1.1" 200 23773
[07/Sep/2016 10:28:03] "GET /static/assets/global/plugins/bootstrap-hover-dropdown/bootstrap-hover-dropdown.min.js HTTP/1.1" 200 1539
[07/Sep/2016 10:28:03] "GET /static/assets/global/plugins/jquery-ui/jquery-ui.min.js HTTP/1.1" 200 239564
[07/Sep/2016 10:28:03] "GET /static/assets/admin/pages/scripts/tasks.js HTTP/1.1" 200 403
[07/Sep/2016 10:28:03] "GET /static/assets/global/plugins/bootstrap-switch/js/bootstrap-switch.min.js HTTP/1.1" 200 12268
[07/Sep/2016 10:28:03] "GET /static/assets/admin/layout/img/sidebar_toggler_icon_darkblue.png HTTP/1.1" 200 135
[07/Sep/2016 10:28:03] "GET /favicon.ico HTTP/1.1" 404 4936
[07/Sep/2016 10:28:10] "GET /mission/ HTTP/1.1" 200 20900
[07/Sep/2016 10:28:10] "GET /static/assets/global/scripts/jquery-3.1.0.min.js HTTP/1.1" 200 86351
[07/Sep/2016 10:28:10] "GET /static/assets/global/plugins/bootstrap/js/bootstrap.js HTTP/1.1" 200 66732
[07/Sep/2016 10:28:10] "GET /static/assets/global/plugins/datatables/plugins/bootstrap/dataTables.bootstrap.js HTTP/1.1" 200 15968
[07/Sep/2016 10:28:10] "GET /static/assets/admin/pages/scripts/table-editable-mission.js HTTP/1.1" 200 18337
[07/Sep/2016 10:28:10] "GET /static/assets/global/plugins/datatables/media/js/jquery.dataTables.min.js HTTP/1.1" 200 77499
[07/Sep/2016 10:28:10] "GET /static/assets/global/img/portlet-collapse-icon-white.png HTTP/1.1" 200 240
[07/Sep/2016 10:28:10] "GET /static/assets/global/img/portlet-reload-icon-white.png HTTP/1.1" 200 324
[07/Sep/2016 10:28:10] "GET /static/assets/global/img/portlet-remove-icon-white.png HTTP/1.1" 200 260
[07/Sep/2016 10:28:10] "GET /mission/favicon.ico HTTP/1.1" 404 4960
[07/Sep/2016 10:28:14] "GET /finished_mission/ HTTP/1.1" 200 17912
[07/Sep/2016 10:28:14] "GET /static/assets/admin/pages/scripts/table-editable-finished-mission.js HTTP/1.1" 200 16766
[07/Sep/2016 10:28:15] "GET /finished_mission/favicon.ico HTTP/1.1" 404 4987
[07/Sep/2016 10:28:23] "GET /role/ HTTP/1.1" 200 10979
[07/Sep/2016 10:28:23] "GET /role/favicon.ico HTTP/1.1" 404 4951
[07/Sep/2016 10:28:26] "GET /host/ HTTP/1.1" 200 18660
[07/Sep/2016 10:28:26] "GET /host/favicon.ico HTTP/1.1" 404 4951
[07/Sep/2016 10:28:52] "GET /admin HTTP/1.1" 301 0
[07/Sep/2016 10:28:52] "GET /admin/ HTTP/1.1" 200 7980
[07/Sep/2016 10:28:52] "GET /static/admin/css/base.css HTTP/1.1" 200 14049
[07/Sep/2016 10:28:52] "GET /static/admin/css/dashboard.css HTTP/1.1" 200 434
[07/Sep/2016 10:28:52] "GET /static/admin/img/default-bg.gif HTTP/1.1" 200 836
[07/Sep/2016 10:28:52] "GET /static/admin/img/icon_addlink.gif HTTP/1.1" 200 119
[07/Sep/2016 10:28:52] "GET /static/admin/img/icon_changelink.gif HTTP/1.1" 200 119
[07/Sep/2016 10:28:52] "GET /static/admin/img/nav-bg.gif HTTP/1.1" 200 265
[07/Sep/2016 10:28:52] "GET /static/admin/img/icon_deletelink.gif HTTP/1.1" 200 181
[07/Sep/2016 10:28:52] "GET /favicon.ico HTTP/1.1" 404 4936
[07/Sep/2016 10:29:01] "GET /admin/api/host/add/ HTTP/1.1" 200 11813
[07/Sep/2016 10:29:01] "GET /static/admin/css/forms.css HTTP/1.1" 200 6283
[07/Sep/2016 10:29:01] "GET /static/admin/css/widgets.css HTTP/1.1" 200 10590
[07/Sep/2016 10:29:01] "GET /static/assets/global/scripts/jquery-3.1.0.min.js HTTP/1.1" 304 0
[07/Sep/2016 10:29:01] "GET /static/assets/global/plugins/bootstrap/js/bootstrap.js HTTP/1.1" 304 0
[07/Sep/2016 10:29:01] "GET /static/assets/global/plugins/bootstrap/css/bootstrap.min.css HTTP/1.1" 304 0
[07/Sep/2016 10:29:01] "GET /static/admin/js/admin/RelatedObjectLookups.js HTTP/1.1" 200 4682
[07/Sep/2016 10:29:01] "GET /static/admin/js/related-widget-wrapper.js HTTP/1.1" 200 857
[07/Sep/2016 10:29:01] "GET /static/admin/js/core.js HTTP/1.1" 200 7705
[07/Sep/2016 10:29:01] "GET /static/admin/js/jquery.init.js HTTP/1.1" 200 326
[07/Sep/2016 10:29:01] "GET /static/admin/js/actions.js HTTP/1.1" 200 4910
[07/Sep/2016 10:29:01] "GET /admin/jsi18n/ HTTP/1.1" 200 2372
[07/Sep/2016 10:29:01] "GET /static/admin/js/jquery.js HTTP/1.1" 200 284184
[07/Sep/2016 10:29:01] "GET /static/assets/global/plugins/bootstrap/fonts/glyphicons-halflings-regular.eot? HTTP/1.1" 304 0
[07/Sep/2016 10:29:01] "GET /static/admin/img/nav-bg-reverse.gif HTTP/1.1" 200 178
[07/Sep/2016 14:33:03] "GET / HTTP/1.1" 302 0
[07/Sep/2016 14:33:03] "GET /login/ HTTP/1.1" 200 7859
[07/Sep/2016 14:33:04] "GET /static/assets/global/plugins/font-awesome/css/font-awesome.min.css HTTP/1.1" 200 23739
[07/Sep/2016 14:33:04] "GET /static/assets/global/plugins/simple-line-icons/simple-line-icons.min.css HTTP/1.1" 200 9562
[07/Sep/2016 14:33:04] "GET /static/assets/global/plugins/uniform/css/uniform.default.css HTTP/1.1" 200 10851
[07/Sep/2016 14:33:04] "GET /static/assets/global/plugins/bootstrap/css/bootstrap.min.css HTTP/1.1" 200 117150
[07/Sep/2016 14:33:04] "GET /static/assets/admin/pages/css/login-soft.css HTTP/1.1" 200 2862
[07/Sep/2016 14:33:04] "GET /static/assets/global/plugins/select2/select2.css HTTP/1.1" 200 18705
[07/Sep/2016 14:33:04] "GET /static/assets/global/css/plugins.css HTTP/1.1" 200 48466
[07/Sep/2016 14:33:04] "GET /login/favicon.ico HTTP/1.1" 404 4954
[07/Sep/2016 14:33:04] "GET /static/assets/admin/layout/css/themes/default.css HTTP/1.1" 200 42196
[07/Sep/2016 14:33:04] "GET /static/assets/admin/layout/css/layout.css HTTP/1.1" 200 83191
[07/Sep/2016 14:33:04] "GET /static/assets/admin/layout/css/custom.css HTTP/1.1" 200 1357
[07/Sep/2016 14:33:04] "GET /static/assets/global/css/components-rounded.css HTTP/1.1" 200 373029
[07/Sep/2016 14:33:04] "GET /static/assets/global/plugins/jquery-migrate.min.js HTTP/1.1" 200 7200
[07/Sep/2016 14:33:04] "GET /static/assets/global/plugins/jquery.min.js HTTP/1.1" 200 95933
[07/Sep/2016 14:33:04] "GET /static/assets/global/plugins/jquery.blockui.min.js HTTP/1.1" 200 9544
[07/Sep/2016 14:33:04] "GET /static/assets/global/plugins/bootstrap/js/bootstrap.min.js HTTP/1.1" 200 35452
[07/Sep/2016 14:33:04] "GET /static/assets/global/plugins/uniform/jquery.uniform.min.js HTTP/1.1" 200 8308
[07/Sep/2016 14:33:04] "GET /static/assets/global/plugins/jquery.cokie.min.js HTTP/1.1" 200 1392
[07/Sep/2016 14:33:04] "GET /static/assets/global/plugins/backstretch/jquery.backstretch.min.js HTTP/1.1" 200 4233
[07/Sep/2016 14:33:04] "GET /static/assets/global/plugins/jquery-validation/js/jquery.validate.min.js HTTP/1.1" 200 21525
[07/Sep/2016 14:33:04] "GET /static/assets/global/plugins/select2/select2.min.js HTTP/1.1" 200 65979
[07/Sep/2016 14:33:04] "GET /static/assets/global/scripts/metronic.js HTTP/1.1" 200 36620
[07/Sep/2016 14:33:04] "GET /static/assets/admin/layout/scripts/layout.js HTTP/1.1" 200 23999
[07/Sep/2016 14:33:04] "GET /static/assets/admin/layout/scripts/demo.js HTTP/1.1" 200 11686
[07/Sep/2016 14:33:04] "GET /static/assets/admin/layout4/img/logo-big.png HTTP/1.1" 200 5089
[07/Sep/2016 14:33:04] "GET /static/assets/admin/pages/scripts/login-soft.js HTTP/1.1" 200 8230
[07/Sep/2016 14:33:04] "GET /login/favicon.ico HTTP/1.1" 404 4954
[07/Sep/2016 14:33:04] "GET /static/assets/admin/pages/img/bg-white-lock.png HTTP/1.1" 200 137
[07/Sep/2016 14:33:04] "GET /static/assets/global/img/syncfusion-icons-white.png HTTP/1.1" 200 5550
[07/Sep/2016 14:33:04] "GET /static/assets/global/plugins/font-awesome/fonts/fontawesome-webfont.woff?v=4.3.0 HTTP/1.1" 200 71508
[07/Sep/2016 14:33:04] "GET /static/assets/global/plugins/uniform/images/sprite.png HTTP/1.1" 200 31815
[07/Sep/2016 14:33:04] "GET /static/assets/admin/pages/media/bg/2.jpg HTTP/1.1" 200 58440
[07/Sep/2016 14:33:04] "GET /static/assets/admin/pages/media/bg/3.jpg HTTP/1.1" 200 37820
[07/Sep/2016 14:33:04] "GET /static/assets/admin/pages/media/bg/1.jpg HTTP/1.1" 200 18772
[07/Sep/2016 14:33:04] "GET /static/assets/admin/pages/media/bg/4.jpg HTTP/1.1" 200 41982
[07/Sep/2016 14:33:17] "POST /login/ HTTP/1.1" 302 0
[07/Sep/2016 14:33:17] "GET / HTTP/1.1" 200 15044
[07/Sep/2016 14:33:17] "GET /static/assets/global/plugins/bootstrap-switch/css/bootstrap-switch.min.css HTTP/1.1" 200 6438
[07/Sep/2016 14:33:17] "GET /static/assets/admin/pages/css/tasks.css HTTP/1.1" 200 1809
[07/Sep/2016 14:33:17] "GET /static/assets/admin/layout/css/themes/darkblue.css HTTP/1.1" 200 42190
[07/Sep/2016 14:33:17] "GET /static/assets/global/css/components.css HTTP/1.1" 200 373642
[07/Sep/2016 14:33:17] "GET /static/assets/global/plugins/bootstrap-hover-dropdown/bootstrap-hover-dropdown.min.js HTTP/1.1" 200 1539
[07/Sep/2016 14:33:17] "GET /static/assets/global/plugins/jquery-slimscroll/jquery.slimscroll.min.js HTTP/1.1" 200 5175
[07/Sep/2016 14:33:17] "GET /static/assets/global/plugins/bootstrap-switch/js/bootstrap-switch.min.js HTTP/1.1" 200 12268
[07/Sep/2016 14:33:17] "GET /static/assets/admin/layout4/img/logo-light.png HTTP/1.1" 200 5089
[07/Sep/2016 14:33:17] "GET /static/assets/admin/pages/scripts/index.js HTTP/1.1" 200 23773
[07/Sep/2016 14:33:17] "GET /static/assets/admin/pages/scripts/tasks.js HTTP/1.1" 200 403
[07/Sep/2016 14:33:17] "GET /favicon.ico HTTP/1.1" 404 4936
[07/Sep/2016 14:33:17] "GET /static/assets/global/plugins/jquery-ui/jquery-ui.min.js HTTP/1.1" 200 239564
[07/Sep/2016 14:33:17] "GET /favicon.ico HTTP/1.1" 404 4936
[07/Sep/2016 14:33:17] "GET /static/assets/admin/layout/img/sidebar_toggler_icon_darkblue.png HTTP/1.1" 200 135
[07/Sep/2016 14:33:17] "GET /static/assets/global/plugins/simple-line-icons/fonts/Simple-Line-Icons.woff HTTP/1.1" 200 59324
[07/Sep/2016 14:33:24] "GET /host/ HTTP/1.1" 200 18660
[07/Sep/2016 14:33:24] "GET /host/favicon.ico HTTP/1.1" 404 4951
[07/Sep/2016 14:33:24] "GET /host/favicon.ico HTTP/1.1" 404 4951
[07/Sep/2016 14:33:24] "GET /static/assets/global/img/portlet-reload-icon-white.png HTTP/1.1" 200 324
[07/Sep/2016 14:33:24] "GET /static/assets/global/img/portlet-collapse-icon-white.png HTTP/1.1" 200 240
[07/Sep/2016 14:33:25] "GET /static/assets/global/img/portlet-remove-icon-white.png HTTP/1.1" 200 260
[07/Sep/2016 14:33:52] "GET /host/ HTTP/1.1" 200 18660
[07/Sep/2016 14:45:33] "GET /host/ HTTP/1.1" 200 18660
[07/Sep/2016 14:45:42] "GET /host?hostname=187 HTTP/1.1" 301 0
[07/Sep/2016 14:45:42] "GET /host/?hostname=187 HTTP/1.1" 200 13950
[07/Sep/2016 14:45:46] "GET /host/ HTTP/1.1" 200 18660
[07/Sep/2016 14:46:10] "GET /admin HTTP/1.1" 301 0
[07/Sep/2016 14:46:10] "GET /admin/ HTTP/1.1" 200 7980
[07/Sep/2016 14:46:10] "GET /static/admin/css/base.css HTTP/1.1" 200 14049
[07/Sep/2016 14:46:10] "GET /static/admin/css/dashboard.css HTTP/1.1" 200 434
[07/Sep/2016 14:46:10] "GET /static/admin/img/default-bg.gif HTTP/1.1" 200 836
[07/Sep/2016 14:46:10] "GET /static/admin/img/icon_addlink.gif HTTP/1.1" 200 119
[07/Sep/2016 14:46:10] "GET /static/admin/img/icon_changelink.gif HTTP/1.1" 200 119
[07/Sep/2016 14:46:10] "GET /static/admin/img/nav-bg.gif HTTP/1.1" 200 265
[07/Sep/2016 14:46:10] "GET /static/admin/img/icon_deletelink.gif HTTP/1.1" 200 181
[07/Sep/2016 14:46:13] "GET /admin/api/host/ HTTP/1.1" 200 20118
[07/Sep/2016 14:46:13] "GET /static/admin/js/core.js HTTP/1.1" 200 7705
[07/Sep/2016 14:46:13] "GET /static/admin/css/changelists.css HTTP/1.1" 200 5254
[07/Sep/2016 14:46:13] "GET /static/admin/js/jquery.init.js HTTP/1.1" 200 326
[07/Sep/2016 14:46:13] "GET /static/admin/js/actions.js HTTP/1.1" 200 4910
[07/Sep/2016 14:46:13] "GET /static/admin/js/admin/RelatedObjectLookups.js HTTP/1.1" 200 4682
[07/Sep/2016 14:46:13] "GET /admin/jsi18n/ HTTP/1.1" 200 2372
[07/Sep/2016 14:46:13] "GET /static/admin/js/jquery.js HTTP/1.1" 200 284184
[07/Sep/2016 14:46:13] "GET /static/admin/img/icon_searchbox.png HTTP/1.1" 200 368
[07/Sep/2016 14:46:13] "GET /static/admin/img/nav-bg-reverse.gif HTTP/1.1" 200 178
[07/Sep/2016 14:46:13] "GET /static/admin/img/tooltag-add.png HTTP/1.1" 200 119
[07/Sep/2016 14:46:13] "GET /static/admin/img/changelist-bg.gif HTTP/1.1" 200 50
[07/Sep/2016 14:46:13] "GET /static/admin/img/nav-bg-selected.gif HTTP/1.1" 200 265
[07/Sep/2016 14:46:13] "GET /static/admin/img/sorting-icons.gif HTTP/1.1" 200 369
[07/Sep/2016 14:46:22] "GET /admin/api/host/add/ HTTP/1.1" 200 11813
[07/Sep/2016 14:46:22] "GET /static/admin/css/forms.css HTTP/1.1" 200 6283
[07/Sep/2016 14:46:22] "GET /static/assets/global/scripts/jquery-3.1.0.min.js HTTP/1.1" 200 86351
[07/Sep/2016 14:46:22] "GET /static/assets/global/plugins/bootstrap/js/bootstrap.js HTTP/1.1" 200 66732
[07/Sep/2016 14:46:22] "GET /static/admin/js/related-widget-wrapper.js HTTP/1.1" 200 857
[07/Sep/2016 14:46:22] "GET /admin/jsi18n/ HTTP/1.1" 200 2372
[07/Sep/2016 14:46:22] "GET /static/admin/css/widgets.css HTTP/1.1" 200 10590
[07/Sep/2016 14:46:49] "GET /admin/api/functiongroup/add/?_to_field=id&_popup=1 HTTP/1.1" 200 2997
[07/Sep/2016 14:46:49] "GET /admin/jsi18n/ HTTP/1.1" 200 2372
[07/Sep/2016 14:47:56] "GET /admin/api/functiongroup/add/?_to_field=id&_popup=1 HTTP/1.1" 200 2997
[07/Sep/2016 14:47:56] "GET /admin/jsi18n/ HTTP/1.1" 200 2372
[07/Sep/2016 14:48:38] "GET /static/admin/img/default-bg-reverse.gif HTTP/1.1" 200 835
[07/Sep/2016 14:48:38] "POST /admin/api/functiongroup/add/?_to_field=id&_popup=1 HTTP/1.1" 200 219
[07/Sep/2016 14:49:15] "POST /admin/api/host/add/ HTTP/1.1" 302 0
[07/Sep/2016 14:49:15] "GET /admin/api/host/add/ HTTP/1.1" 200 12033
[07/Sep/2016 14:49:15] "GET /admin/jsi18n/ HTTP/1.1" 200 2372
[07/Sep/2016 14:49:15] "GET /static/admin/img/icon_success.gif HTTP/1.1" 200 341
[07/Sep/2016 14:49:43] "POST /admin/api/host/add/ HTTP/1.1" 302 0
[07/Sep/2016 14:49:43] "GET /admin/api/host/ HTTP/1.1" 500 283274
[07/Sep/2016 14:49:49] "GET /admin/api/host/add/ HTTP/1.1" 200 11853
[07/Sep/2016 14:50:08] "POST /admin/api/host/add/ HTTP/1.1" 200 12156
[07/Sep/2016 14:50:08] "GET /admin/jsi18n/ HTTP/1.1" 200 2372
[07/Sep/2016 14:50:08] "GET /static/admin/img/icon_error.gif HTTP/1.1" 200 319
[07/Sep/2016 14:50:18] "GET /admin/api/host/ HTTP/1.1" 500 282873
[07/Sep/2016 14:50:27] "GET /admin/api/host HTTP/1.1" 301 0
[07/Sep/2016 14:50:27] "GET /admin/api/host/ HTTP/1.1" 500 282733
[07/Sep/2016 14:50:37] "GET /admin/api HTTP/1.1" 301 0
[07/Sep/2016 14:50:37] "GET /admin/api/ HTTP/1.1" 200 3593
[07/Sep/2016 14:50:39] "GET /admin/api/host/ HTTP/1.1" 500 282872
[07/Sep/2016 14:52:36] "GET /admin/api/ HTTP/1.1" 200 3593
[07/Sep/2016 14:52:39] "GET /admin/api/host/add/ HTTP/1.1" 200 11853
[07/Sep/2016 14:53:06] "GET /host/ HTTP/1.1" 200 18760
[07/Sep/2016 14:53:12] "GET /admin HTTP/1.1" 301 0
[07/Sep/2016 14:53:12] "GET /admin/ HTTP/1.1" 200 8093
[07/Sep/2016 14:53:12] "GET /static/admin/css/base.css HTTP/1.1" 200 14049
[07/Sep/2016 14:53:12] "GET /static/admin/css/dashboard.css HTTP/1.1" 200 434
[07/Sep/2016 14:53:12] "GET /static/admin/img/default-bg.gif HTTP/1.1" 200 836
[07/Sep/2016 14:53:12] "GET /static/admin/img/nav-bg.gif HTTP/1.1" 200 265
[07/Sep/2016 14:53:12] "GET /static/admin/img/icon_changelink.gif HTTP/1.1" 200 119
[07/Sep/2016 14:53:12] "GET /static/admin/img/icon_addlink.gif HTTP/1.1" 200 119
[07/Sep/2016 14:53:12] "GET /static/admin/img/icon_deletelink.gif HTTP/1.1" 200 181
[07/Sep/2016 14:53:15] "GET /admin/api/host/add/ HTTP/1.1" 200 11853
[07/Sep/2016 14:53:15] "GET /static/admin/css/forms.css HTTP/1.1" 200 6283
[07/Sep/2016 14:53:15] "GET /static/admin/js/core.js HTTP/1.1" 200 7705
[07/Sep/2016 14:53:15] "GET /static/admin/js/jquery.init.js HTTP/1.1" 200 326
[07/Sep/2016 14:53:15] "GET /static/admin/js/admin/RelatedObjectLookups.js HTTP/1.1" 200 4682
[07/Sep/2016 14:53:15] "GET /static/admin/js/actions.js HTTP/1.1" 200 4910
[07/Sep/2016 14:53:15] "GET /static/admin/css/widgets.css HTTP/1.1" 200 10590
[07/Sep/2016 14:53:15] "GET /admin/jsi18n/ HTTP/1.1" 200 2372
[07/Sep/2016 14:53:15] "GET /static/admin/js/jquery.js HTTP/1.1" 200 284184
[07/Sep/2016 14:53:15] "GET /static/admin/js/related-widget-wrapper.js HTTP/1.1" 200 857
[07/Sep/2016 14:53:15] "GET /static/admin/img/nav-bg-reverse.gif HTTP/1.1" 200 178
[07/Sep/2016 14:53:32] "GET / HTTP/1.1" 200 15044
[07/Sep/2016 14:53:32] "GET /static/assets/global/plugins/font-awesome/fonts/fontawesome-webfont.woff?v=4.3.0 HTTP/1.1" 304 0
[07/Sep/2016 14:53:34] "GET /static/admin/img/default-bg-reverse.gif HTTP/1.1" 200 835
[07/Sep/2016 14:53:34] "POST /admin/api/host/add/ HTTP/1.1" 302 0
[07/Sep/2016 14:53:34] "GET /admin/api/host/ HTTP/1.1" 500 283537
[07/Sep/2016 14:53:34] "GET /host/ HTTP/1.1" 200 18760
[07/Sep/2016 14:53:42] "GET /host?hostname=186 HTTP/1.1" 301 0
[07/Sep/2016 14:53:42] "GET /host/?hostname=186 HTTP/1.1" 200 13950
[07/Sep/2016 14:53:44] "GET /admin/api/host/add/ HTTP/1.1" 200 11853
[07/Sep/2016 14:53:45] "GET /host?hostname=187 HTTP/1.1" 301 0
[07/Sep/2016 14:53:45] "GET /host/?hostname=187 HTTP/1.1" 200 13950
[07/Sep/2016 14:53:47] "GET /admin/ HTTP/1.1" 200 8125
[07/Sep/2016 14:53:48] "GET /host?hostname=187 HTTP/1.1" 301 0
[07/Sep/2016 14:53:48] "GET /host/?hostname=187 HTTP/1.1" 200 13950
[07/Sep/2016 14:53:48] "GET /host?hostname=187 HTTP/1.1" 301 0
[07/Sep/2016 14:53:49] "GET /host/?hostname=187 HTTP/1.1" 200 13950
[07/Sep/2016 14:53:49] "GET /admin/api/host/ HTTP/1.1" 500 283028
[07/Sep/2016 14:53:49] "GET /host?hostname=187 HTTP/1.1" 301 0
[07/Sep/2016 14:53:49] "GET /host/?hostname=187 HTTP/1.1" 200 13950
[07/Sep/2016 14:53:49] "GET /host?hostname=187 HTTP/1.1" 301 0
[07/Sep/2016 14:53:49] "GET /host/?hostname=187 HTTP/1.1" 200 13950
[07/Sep/2016 14:53:51] "GET /admin/ HTTP/1.1" 200 8125
[07/Sep/2016 14:53:51] "GET /host?hostname=18 HTTP/1.1" 301 0
[07/Sep/2016 14:53:51] "GET /host/?hostname=18 HTTP/1.1" 200 15377
[07/Sep/2016 14:53:58] "GET /host?hostname=187 HTTP/1.1" 301 0
[07/Sep/2016 14:53:58] "GET /host/?hostname=187 HTTP/1.1" 200 13950
[07/Sep/2016 14:53:59] "GET /api/host HTTP/1.1" 301 0
[07/Sep/2016 14:54:00] "GET /api/host/ HTTP/1.1" 200 18760
[07/Sep/2016 14:54:00] "GET /api/host/favicon.ico HTTP/1.1" 404 8631
[07/Sep/2016 14:54:00] "GET /host?hostname=18 HTTP/1.1" 301 0
[07/Sep/2016 14:54:00] "GET /host/?hostname=18 HTTP/1.1" 200 15377
[07/Sep/2016 14:54:09] "GET /admin/ HTTP/1.1" 200 8125
[07/Sep/2016 14:54:17] "GET /admin/api/host/add/ HTTP/1.1" 200 11853
[07/Sep/2016 14:54:17] "GET /admin/jsi18n/ HTTP/1.1" 200 2372
[07/Sep/2016 14:54:24] "GET /admin/ HTTP/1.1" 200 8125
[07/Sep/2016 14:54:30] "GET /host?hostname=126 HTTP/1.1" 301 0
[07/Sep/2016 14:54:30] "GET /host/?hostname=126 HTTP/1.1" 200 14665
[07/Sep/2016 14:54:34] "GET /admin HTTP/1.1" 301 0
[07/Sep/2016 14:54:34] "GET /admin/ HTTP/1.1" 200 8125
[07/Sep/2016 14:54:35] "GET /host?hostname=125 HTTP/1.1" 301 0
[07/Sep/2016 14:54:35] "GET /host/?hostname=125 HTTP/1.1" 200 14665
[07/Sep/2016 14:54:37] "GET /admin/api/host/add/ HTTP/1.1" 200 11853
[07/Sep/2016 14:54:37] "GET /admin/jsi18n/ HTTP/1.1" 200 2372
[07/Sep/2016 14:54:39] "GET /admin/ HTTP/1.1" 200 8125
[07/Sep/2016 14:55:59] "GET /admin/api/role/add/ HTTP/1.1" 200 5284
[07/Sep/2016 14:55:59] "GET /admin/jsi18n/ HTTP/1.1" 200 2372
[07/Sep/2016 14:56:00] "GET /admin/ HTTP/1.1" 200 8125
[07/Sep/2016 14:57:45] "GET /admin/api/host/add/ HTTP/1.1" 200 11853
[07/Sep/2016 14:57:45] "GET /admin/jsi18n/ HTTP/1.1" 200 2372
[07/Sep/2016 14:57:48] "GET /admin/ HTTP/1.1" 200 8125
[07/Sep/2016 14:58:23] "GET /admin/api/host/add/ HTTP/1.1" 200 11853
[07/Sep/2016 14:58:23] "GET /admin/jsi18n/ HTTP/1.1" 200 2372
[07/Sep/2016 14:58:32] "GET /admin/ HTTP/1.1" 200 8125
[07/Sep/2016 14:59:41] "GET /admin/api/host/ HTTP/1.1" 500 283028
[07/Sep/2016 15:01:13] "GET /admin/ HTTP/1.1" 200 8125
[07/Sep/2016 15:01:15] "GET /admin/ HTTP/1.1" 200 8125
[07/Sep/2016 15:01:17] "GET /admin/api/host/ HTTP/1.1" 500 283028
[07/Sep/2016 15:01:19] "GET /admin/ HTTP/1.1" 200 8125
[07/Sep/2016 15:01:30] "GET /api/hosts HTTP/1.1" 404 8598
[07/Sep/2016 15:01:34] "GET / HTTP/1.1" 200 15044
[07/Sep/2016 15:01:37] "GET /host/ HTTP/1.1" 200 18760
[07/Sep/2016 15:01:42] "GET /host?hostname=12 HTTP/1.1" 301 0
[07/Sep/2016 15:01:42] "GET /host/?hostname=12 HTTP/1.1" 200 16799
[07/Sep/2016 15:01:47] "GET /host/?page=14 HTTP/1.1" 200 17339
[07/Sep/2016 15:01:51] "GET /exe_group/ HTTP/1.1" 200 13512
[07/Sep/2016 15:01:51] "GET /static/assets/global/plugins/datatables/plugins/bootstrap/dataTables.bootstrap.js HTTP/1.1" 200 15968
[07/Sep/2016 15:01:51] "GET /static/assets/global/plugins/datatables/media/js/jquery.dataTables.min.js HTTP/1.1" 200 77499
[07/Sep/2016 15:01:51] "GET /static/assets/admin/pages/scripts/table-editable.js HTTP/1.1" 200 14174
[07/Sep/2016 15:01:51] "GET /exe_group/favicon.ico HTTP/1.1" 404 4966
[07/Sep/2016 15:01:51] "GET /exe_group/favicon.ico HTTP/1.1" 404 4966
[07/Sep/2016 15:01:54] "GET /role/ HTTP/1.1" 200 10979
[07/Sep/2016 15:01:54] "GET /role/favicon.ico HTTP/1.1" 404 4951
[07/Sep/2016 15:01:54] "GET /role/favicon.ico HTTP/1.1" 404 4951
[07/Sep/2016 15:02:09] "GET /admin/ HTTP/1.1" 200 8125
[07/Sep/2016 15:02:15] "GET /admin/api/role/add/ HTTP/1.1" 200 5284
[07/Sep/2016 15:02:15] "GET /admin/jsi18n/ HTTP/1.1" 200 2372
[07/Sep/2016 15:02:23] "GET /admin/ HTTP/1.1" 200 8125
[07/Sep/2016 15:02:25] "GET /admin/api/host/ HTTP/1.1" 500 283028
[07/Sep/2016 15:04:30] "GET /admin/ HTTP/1.1" 200 8125
[07/Sep/2016 15:04:30] "GET /admin/ HTTP/1.1" 200 8125
[07/Sep/2016 15:04:32] "GET /admin/api/host/ HTTP/1.1" 500 283028
[07/Sep/2016 15:04:38] "GET /admin/ HTTP/1.1" 200 8125
[07/Sep/2016 15:04:40] "GET /admin/api/host/ HTTP/1.1" 500 283028
[07/Sep/2016 15:04:41] "GET /admin/ HTTP/1.1" 200 8125
[07/Sep/2016 15:04:42] "GET /admin/api/host/add/ HTTP/1.1" 200 11853
[07/Sep/2016 15:04:42] "GET /admin/jsi18n/ HTTP/1.1" 200 2372
[07/Sep/2016 15:04:44] "GET /admin/ HTTP/1.1" 200 8125
[07/Sep/2016 15:04:52] "GET /admin/api/host/ HTTP/1.1" 500 283028
[07/Sep/2016 15:06:34] "POST /admin/api/role/add/ HTTP/1.1" 302 0
[07/Sep/2016 15:06:34] "GET /admin/api/role/ HTTP/1.1" 200 7931
[07/Sep/2016 15:06:34] "GET /admin/jsi18n/ HTTP/1.1" 200 2372
[07/Sep/2016 15:06:40] "GET /admin/api/ HTTP/1.1" 200 3593
[07/Sep/2016 15:06:43] "GET /admin/api/host/ HTTP/1.1" 500 282872
[07/Sep/2016 15:06:47] "GET /admin/api/ HTTP/1.1" 200 3593
[07/Sep/2016 15:06:52] "GET /admin/api/exeuser/ HTTP/1.1" 200 6676
[07/Sep/2016 15:06:52] "GET /admin/jsi18n/ HTTP/1.1" 200 2372
[07/Sep/2016 15:06:54] "GET /admin/api/ HTTP/1.1" 200 3593
[07/Sep/2016 15:06:56] "GET /admin/api/host/ HTTP/1.1" 500 282872
[07/Sep/2016 15:09:47] "GET /admin/api/ HTTP/1.1" 200 3593
[07/Sep/2016 15:09:58] "GET /admin/api/ HTTP/1.1" 200 3593
[07/Sep/2016 15:10:00] "GET /admin/api/role/ HTTP/1.1" 200 7783
[07/Sep/2016 15:10:03] "GET / HTTP/1.1" 200 15044
[07/Sep/2016 15:10:07] "GET /host/ HTTP/1.1" 200 18760
[07/Sep/2016 15:10:09] "GET /exe_group/ HTTP/1.1" 200 13512
[07/Sep/2016 15:10:10] "GET /role/ HTTP/1.1" 200 11467
[07/Sep/2016 15:10:12] "GET /mission/ HTTP/1.1" 200 20900
[07/Sep/2016 15:10:13] "GET /finished_mission/ HTTP/1.1" 200 17912
[07/Sep/2016 15:10:13] "GET /static/assets/admin/pages/scripts/table-editable-finished-mission.js HTTP/1.1" 200 16766
[07/Sep/2016 15:10:13] "GET /finished_mission/favicon.ico HTTP/1.1" 404 4987
[07/Sep/2016 15:10:16] "GET /admin/ HTTP/1.1" 200 8155
[07/Sep/2016 15:10:39] "GET / HTTP/1.1" 200 15044
[07/Sep/2016 15:10:39] "GET /static/assets/global/plugins/font-awesome/fonts/fontawesome-webfont.woff?v=4.3.0 HTTP/1.1" 304 0
[07/Sep/2016 15:10:44] "POST /api/mission_log/ HTTP/1.1" 200 37950
[07/Sep/2016 15:10:44] "GET /host/ HTTP/1.1" 200 18760
[07/Sep/2016 15:10:48] "GET /exe_group/ HTTP/1.1" 200 13512
[07/Sep/2016 15:10:49] "GET /role/ HTTP/1.1" 200 11467
[07/Sep/2016 15:10:52] "GET /host/ HTTP/1.1" 200 18760
[07/Sep/2016 15:10:53] "GET /exe_group/ HTTP/1.1" 200 13512
[07/Sep/2016 15:10:56] "GET /admin/ HTTP/1.1" 200 8155
[07/Sep/2016 15:10:59] "GET /admin/api/host/add/ HTTP/1.1" 200 11853
[07/Sep/2016 15:10:59] "GET /admin/jsi18n/ HTTP/1.1" 200 2372
[07/Sep/2016 15:11:01] "GET /admin/ HTTP/1.1" 200 8155
[07/Sep/2016 15:11:25] "GET /api/exe_group/?exe_groupname=keepalived_install HTTP/1.1" 200 10180
[07/Sep/2016 15:11:47] "POST /api/exe_group/ HTTP/1.1" 201 8973
[07/Sep/2016 15:11:47] "GET /exe_group/ HTTP/1.1" 200 14289
[07/Sep/2016 15:11:47] "GET /static/assets/global/plugins/font-awesome/css/font-awesome.min.css HTTP/1.1" 304 0
[07/Sep/2016 15:11:47] "GET /static/assets/global/plugins/simple-line-icons/simple-line-icons.min.css HTTP/1.1" 304 0
[07/Sep/2016 15:11:47] "GET /static/assets/global/plugins/bootstrap/css/bootstrap.min.css HTTP/1.1" 304 0
[07/Sep/2016 15:11:47] "GET /static/assets/global/plugins/uniform/css/uniform.default.css HTTP/1.1" 304 0
[07/Sep/2016 15:11:47] "GET /static/assets/global/css/components.css HTTP/1.1" 304 0
[07/Sep/2016 15:11:47] "GET /static/assets/global/plugins/bootstrap-switch/css/bootstrap-switch.min.css HTTP/1.1" 304 0
[07/Sep/2016 15:11:47] "GET /static/assets/global/css/plugins.css HTTP/1.1" 304 0
[07/Sep/2016 15:11:47] "GET /static/assets/admin/layout/css/layout.css HTTP/1.1" 304 0
[07/Sep/2016 15:11:47] "GET /static/assets/admin/layout/css/themes/darkblue.css HTTP/1.1" 304 0
[07/Sep/2016 15:11:47] "GET /static/assets/admin/layout/css/custom.css HTTP/1.1" 304 0
[07/Sep/2016 15:11:47] "GET /static/assets/admin/pages/css/tasks.css HTTP/1.1" 304 0
[07/Sep/2016 15:11:47] "GET /static/assets/global/scripts/metronic.js HTTP/1.1" 304 0
[07/Sep/2016 15:11:47] "GET /static/assets/admin/layout/scripts/demo.js HTTP/1.1" 304 0
[07/Sep/2016 15:11:47] "GET /static/assets/admin/layout/scripts/layout.js HTTP/1.1" 304 0
[07/Sep/2016 15:11:47] "GET /static/assets/global/plugins/jquery.min.js HTTP/1.1" 304 0
[07/Sep/2016 15:11:47] "GET /static/assets/global/plugins/jquery-migrate.min.js HTTP/1.1" 304 0
[07/Sep/2016 15:11:47] "GET /static/assets/global/plugins/jquery-ui/jquery-ui.min.js HTTP/1.1" 304 0
[07/Sep/2016 15:11:47] "GET /static/assets/global/plugins/bootstrap/js/bootstrap.min.js HTTP/1.1" 304 0
[07/Sep/2016 15:11:47] "GET /static/assets/global/plugins/bootstrap-hover-dropdown/bootstrap-hover-dropdown.min.js HTTP/1.1" 304 0
[07/Sep/2016 15:11:47] "GET /static/assets/global/plugins/jquery-slimscroll/jquery.slimscroll.min.js HTTP/1.1" 304 0
[07/Sep/2016 15:11:47] "GET /static/assets/global/plugins/jquery.blockui.min.js HTTP/1.1" 304 0
[07/Sep/2016 15:11:47] "GET /static/assets/global/plugins/jquery.cokie.min.js HTTP/1.1" 304 0
[07/Sep/2016 15:11:47] "GET /static/assets/global/plugins/uniform/jquery.uniform.min.js HTTP/1.1" 304 0
[07/Sep/2016 15:11:47] "GET /static/assets/global/plugins/bootstrap-switch/js/bootstrap-switch.min.js HTTP/1.1" 304 0
[07/Sep/2016 15:11:47] "GET /static/assets/admin/pages/scripts/index.js HTTP/1.1" 304 0
[07/Sep/2016 15:11:47] "GET /static/assets/admin/pages/scripts/tasks.js HTTP/1.1" 304 0
[07/Sep/2016 15:11:47] "GET /static/assets/global/plugins/select2/select2.min.js HTTP/1.1" 304 0
[07/Sep/2016 15:11:47] "GET /static/assets/global/plugins/datatables/media/js/jquery.dataTables.min.js HTTP/1.1" 304 0
[07/Sep/2016 15:11:47] "GET /static/assets/global/plugins/datatables/plugins/bootstrap/dataTables.bootstrap.js HTTP/1.1" 304 0
[07/Sep/2016 15:11:47] "GET /static/assets/admin/pages/scripts/table-editable.js HTTP/1.1" 304 0
[07/Sep/2016 15:11:47] "GET /static/assets/admin/layout4/img/logo-light.png HTTP/1.1" 304 0
[07/Sep/2016 15:11:47] "GET /static/assets/admin/layout/img/sidebar_toggler_icon_darkblue.png HTTP/1.1" 304 0
[07/Sep/2016 15:11:47] "GET /static/assets/global/img/portlet-collapse-icon-white.png HTTP/1.1" 304 0
[07/Sep/2016 15:11:47] "GET /static/assets/global/img/portlet-reload-icon-white.png HTTP/1.1" 304 0
[07/Sep/2016 15:11:47] "GET /static/assets/global/img/portlet-remove-icon-white.png HTTP/1.1" 304 0
[07/Sep/2016 15:12:05] "GET /role/ HTTP/1.1" 200 11467
[07/Sep/2016 15:12:08] "GET /mission/ HTTP/1.1" 200 20900
[07/Sep/2016 15:12:08] "GET /static/assets/admin/pages/scripts/table-editable-mission.js HTTP/1.1" 200 18337
[07/Sep/2016 15:12:08] "GET /mission/favicon.ico HTTP/1.1" 404 4960
[07/Sep/2016 15:12:08] "GET /mission/favicon.ico HTTP/1.1" 404 4960
[07/Sep/2016 15:12:11] "GET /api/exe_group HTTP/1.1" 301 0
[07/Sep/2016 15:12:11] "GET /api/role HTTP/1.1" 301 0
[07/Sep/2016 15:12:11] "GET /api/role/ HTTP/1.1" 200 618
[07/Sep/2016 15:12:12] "GET /api/exe_group/ HTTP/1.1" 200 602
[07/Sep/2016 15:12:18] "GET /api/role/?id=3 HTTP/1.1" 200 278
[07/Sep/2016 15:12:18] "GET /static/assets/global/img/remove-icon-small.png HTTP/1.1" 200 193
[07/Sep/2016 15:14:16] "GET /api/role/?id=3 HTTP/1.1" 200 278
[07/Sep/2016 15:14:22] "GET /admin/api/host/ HTTP/1.1" 500 283028
[07/Sep/2016 15:14:22] "GET /api/role/?id=3 HTTP/1.1" 200 278
[07/Sep/2016 15:14:49] "PUT /api/exe_group/3/ HTTP/1.1" 200 10825
[07/Sep/2016 15:14:49] "POST /api/mission/ HTTP/1.1" 201 9793
[07/Sep/2016 15:14:49] "GET /mission/ HTTP/1.1" 200 21805
[07/Sep/2016 15:14:49] "GET /static/assets/global/plugins/font-awesome/css/font-awesome.min.css HTTP/1.1" 304 0
[07/Sep/2016 15:14:49] "GET /static/assets/global/plugins/simple-line-icons/simple-line-icons.min.css HTTP/1.1" 304 0
[07/Sep/2016 15:14:49] "GET /static/assets/global/plugins/bootstrap/css/bootstrap.min.css HTTP/1.1" 304 0
[07/Sep/2016 15:14:49] "GET /static/assets/global/plugins/uniform/css/uniform.default.css HTTP/1.1" 304 0
[07/Sep/2016 15:14:49] "GET /static/assets/global/plugins/bootstrap-switch/css/bootstrap-switch.min.css HTTP/1.1" 304 0
[07/Sep/2016 15:14:49] "GET /static/assets/global/css/components.css HTTP/1.1" 304 0
[07/Sep/2016 15:14:49] "GET /static/assets/global/css/plugins.css HTTP/1.1" 304 0
[07/Sep/2016 15:14:49] "GET /static/assets/admin/layout/css/layout.css HTTP/1.1" 304 0
[07/Sep/2016 15:14:49] "GET /static/assets/admin/layout/css/themes/darkblue.css HTTP/1.1" 304 0
[07/Sep/2016 15:14:49] "GET /static/assets/admin/layout/css/custom.css HTTP/1.1" 304 0
[07/Sep/2016 15:14:49] "GET /static/assets/admin/pages/css/tasks.css HTTP/1.1" 304 0
[07/Sep/2016 15:14:50] "GET /static/assets/global/scripts/jquery-3.1.0.min.js HTTP/1.1" 304 0
[07/Sep/2016 15:14:50] "GET /static/assets/global/plugins/bootstrap/js/bootstrap.js HTTP/1.1" 304 0
[07/Sep/2016 15:14:50] "GET /static/assets/admin/layout/scripts/layout.js HTTP/1.1" 304 0
[07/Sep/2016 15:14:50] "GET /static/assets/admin/layout/scripts/demo.js HTTP/1.1" 304 0
[07/Sep/2016 15:14:50] "GET /static/assets/global/scripts/metronic.js HTTP/1.1" 304 0
[07/Sep/2016 15:14:50] "GET /static/assets/global/plugins/jquery.min.js HTTP/1.1" 304 0
[07/Sep/2016 15:14:50] "GET /static/assets/global/plugins/jquery-migrate.min.js HTTP/1.1" 304 0
[07/Sep/2016 15:14:50] "GET /static/assets/global/plugins/jquery-ui/jquery-ui.min.js HTTP/1.1" 304 0
[07/Sep/2016 15:14:50] "GET /static/assets/global/plugins/bootstrap/js/bootstrap.min.js HTTP/1.1" 304 0
[07/Sep/2016 15:14:50] "GET /static/assets/global/plugins/bootstrap-hover-dropdown/bootstrap-hover-dropdown.min.js HTTP/1.1" 304 0
[07/Sep/2016 15:14:50] "GET /static/assets/global/plugins/jquery-slimscroll/jquery.slimscroll.min.js HTTP/1.1" 304 0
[07/Sep/2016 15:14:50] "GET /static/assets/global/plugins/jquery.blockui.min.js HTTP/1.1" 304 0
[07/Sep/2016 15:14:50] "GET /static/assets/global/plugins/jquery.cokie.min.js HTTP/1.1" 304 0
[07/Sep/2016 15:14:50] "GET /static/assets/global/plugins/uniform/jquery.uniform.min.js HTTP/1.1" 304 0
[07/Sep/2016 15:14:50] "GET /static/assets/global/plugins/bootstrap-switch/js/bootstrap-switch.min.js HTTP/1.1" 304 0
[07/Sep/2016 15:14:50] "GET /static/assets/admin/pages/scripts/index.js HTTP/1.1" 304 0
[07/Sep/2016 15:14:50] "GET /static/assets/admin/pages/scripts/tasks.js HTTP/1.1" 304 0
[07/Sep/2016 15:14:50] "GET /static/assets/global/plugins/select2/select2.min.js HTTP/1.1" 304 0
[07/Sep/2016 15:14:50] "GET /static/assets/global/plugins/datatables/media/js/jquery.dataTables.min.js HTTP/1.1" 304 0
[07/Sep/2016 15:14:50] "GET /static/assets/global/plugins/datatables/plugins/bootstrap/dataTables.bootstrap.js HTTP/1.1" 304 0
[07/Sep/2016 15:14:50] "GET /static/assets/admin/pages/scripts/table-editable-mission.js HTTP/1.1" 304 0
[07/Sep/2016 15:14:50] "GET /static/assets/admin/layout4/img/logo-light.png HTTP/1.1" 304 0
[07/Sep/2016 15:14:50] "GET /static/assets/admin/layout/img/sidebar_toggler_icon_darkblue.png HTTP/1.1" 304 0
[07/Sep/2016 15:14:50] "GET /static/assets/global/img/portlet-collapse-icon-white.png HTTP/1.1" 304 0
[07/Sep/2016 15:14:50] "GET /static/assets/global/img/portlet-reload-icon-white.png HTTP/1.1" 304 0
[07/Sep/2016 15:14:50] "GET /static/assets/global/img/portlet-remove-icon-white.png HTTP/1.1" 304 0
[07/Sep/2016 15:14:50] "GET /static/assets/global/plugins/uniform/images/sprite.png HTTP/1.1" 304 0
[07/Sep/2016 15:16:24] "GET /mission/ HTTP/1.1" 200 21805
[07/Sep/2016 15:16:28] "GET /mission/ HTTP/1.1" 200 21805
[07/Sep/2016 15:16:31] "GET /mission/ HTTP/1.1" 200 21805
[07/Sep/2016 15:16:32] "GET /finished_mission/ HTTP/1.1" 200 17912
[07/Sep/2016 15:16:32] "GET /static/assets/admin/pages/scripts/table-editable-finished-mission.js HTTP/1.1" 200 16766
[07/Sep/2016 15:16:32] "GET /finished_mission/favicon.ico HTTP/1.1" 404 4987
[07/Sep/2016 15:16:33] "GET /finished_mission/favicon.ico HTTP/1.1" 404 4987
[07/Sep/2016 15:16:34] "GET /mission/ HTTP/1.1" 200 21805
[07/Sep/2016 15:16:36] "GET /finished_mission/ HTTP/1.1" 200 17912
[07/Sep/2016 15:16:37] "GET /mission/ HTTP/1.1" 200 21805
[07/Sep/2016 15:16:41] "GET /mission/ HTTP/1.1" 200 21805
[07/Sep/2016 15:16:44] "GET /host/ HTTP/1.1" 200 18889
[07/Sep/2016 15:16:49] "GET /host?hostname=12 HTTP/1.1" 301 0
[07/Sep/2016 15:16:49] "GET /host/?hostname=12 HTTP/1.1" 200 16928
[07/Sep/2016 15:16:53] "GET /exe_group/ HTTP/1.1" 200 14356
[07/Sep/2016 15:17:01] "GET /host_exe_group?id=3&exe_groupname=keepalived_install HTTP/1.1" 301 0
[07/Sep/2016 15:17:01] "GET /host_exe_group/?id=3&exe_groupname=keepalived_install HTTP/1.1" 200 4295
[07/Sep/2016 15:17:01] "GET /static/assets/admin/pages/scripts/table-editable-hostexegroup.js HTTP/1.1" 200 12225
[07/Sep/2016 15:17:10] "GET /host_exe_group?id=3&exe_groupname=keepalived_install HTTP/1.1" 301 0
[07/Sep/2016 15:17:10] "GET /host_exe_group/?id=3&exe_groupname=keepalived_install HTTP/1.1" 200 4295
[07/Sep/2016 15:17:13] "GET /host/ HTTP/1.1" 200 18889
[07/Sep/2016 15:17:22] "GET /host/ HTTP/1.1" 200 18889
[07/Sep/2016 15:17:24] "GET /host/ HTTP/1.1" 200 18889
[07/Sep/2016 15:17:26] "GET /exe_group/ HTTP/1.1" 200 14356
[07/Sep/2016 15:17:27] "GET /host/ HTTP/1.1" 200 18889
[07/Sep/2016 15:17:37] "GET /host?hostname=12 HTTP/1.1" 301 0
[07/Sep/2016 15:17:37] "GET /host/?hostname=12 HTTP/1.1" 200 16928
[07/Sep/2016 15:17:48] "POST /save_host_exe_groups/?hostids=137,138&exe_groupid=3 HTTP/1.1" 200 40
[07/Sep/2016 15:17:51] "GET /exe_group/ HTTP/1.1" 200 14356
[07/Sep/2016 15:18:11] "GET /host_exe_group?id=3&exe_groupname=keepalived_install HTTP/1.1" 301 0
[07/Sep/2016 15:18:11] "GET /host_exe_group/?id=3&exe_groupname=keepalived_install HTTP/1.1" 200 5193
